ptp4l[509157.267]: t3 = +1617185945026204809
ptp4l[509157.267]: t4 = +1617185945026236294
ptp4l[509157.267]: t2 - t3 = +869971996
ptp4l[509157.267]: t4 - t1 = -869909000
ptp4l[509157.268]: master offset         13 s2 freq  +11588 path delay     32155
ptp4l[509157.397]: t1 = +1617185946026523794
ptp4l[509157.397]: t2 = +1617185946026556488
ptp4l[509157.397]: t3 = +1617185946026397802
ptp4l[509157.397]: t4 = +1617185946026427044
ptp4l[509157.398]: t2 - t3 =    +158686
ptp4l[509157.398]: t4 - t1 =     -96750
ptp4l[509158.267]: t1 = +1617185946896259419
ptp4l[509158.267]: t2 = +1617185946896287674
ptp4l[509158.267]: t3 = +1617185946026397802
ptp4l[509158.267]: t4 = +1617185946026427044
ptp4l[509158.268]: t2 - t3 = +869889872
ptp4l[509158.268]: t4 - t1 = -869832375
ptp4l[509158.268]: master offset       -493 s2 freq  +11086 path delay     30968
ptp4l[509158.398]: t1 = +1617185947026737169
ptp4l[509158.398]: t2 = +1617185947026771419
ptp4l[509158.398]: t3 = +1617185947026527516
ptp4l[509158.398]: t4 = +1617185947026562044
ptp4l[509158.398]: t2 - t3 =    +243903
ptp4l[509158.398]: t4 - t1 =    -175125
ptp4l[509159.267]: t1 = +1617185947896372794
ptp4l[509159.268]: t2 = +1617185947896407031
ptp4l[509159.268]: t3 = +1617185947026527516
ptp4l[509159.268]: t4 = +1617185947026562044
ptp4l[509159.268]: t2 - t3 = +869879515
ptp4l[509159.268]: t4 - t1 = -869810750
ptp4l[509159.268]: master offset       -145 s2 freq  +11286 path delay     34389
ptp4l[509159.398]: t1 = +1617185948026838419
ptp4l[509159.398]: t2 = +1617185948026866753
ptp4l[509159.398]: t3 = +1617185948026643256
ptp4l[509159.398]: t4 = +1617185948026672794
ptp4l[509159.398]: t2 - t3 =    +223497
ptp4l[509159.398]: t4 - t1 =    -165625
ptp4l[509160.267]: t1 = +1617185948896383294
ptp4l[509160.268]: t2 = +1617185948896414207
ptp4l[509160.268]: t3 = +1617185948026643256
ptp4l[509160.268]: t4 = +1617185948026672794
ptp4l[509160.268]: t2 - t3 = +869770951
ptp4l[509160.268]: t4 - t1 = -869710500
ptp4l[509160.268]: master offset        688 s2 freq  +12076 path delay     28936
ptp4l[509160.398]: t1 = +1617185949026973544
ptp4l[509160.398]: t2 = +1617185949027001825
ptp4l[509160.398]: t3 = +1617185949026773702
ptp4l[509160.398]: t4 = +1617185949026808044
ptp4l[509160.398]: t2 - t3 =    +228123
ptp4l[509160.398]: t4 - t1 =    -165500
ptp4l[509161.268]: t1 = +1617185949896407669
ptp4l[509161.268]: t2 = +1617185949896436620
ptp4l[509161.268]: t3 = +1617185949026773702
ptp4l[509161.268]: t4 = +1617185949026808044
ptp4l[509161.268]: t2 - t3 = +869662918
ptp4l[509161.268]: t4 - t1 = -869599625
ptp4l[509161.268]: master offset      -2695 s2 freq   +8899 path delay     31311
ptp4l[509161.398]: t1 = +1617185950026908669
ptp4l[509161.398]: t2 = +1617185950026936650
ptp4l[509161.398]: t3 = +1617185950026765121
ptp4l[509161.398]: t4 = +1617185950026798919
ptp4l[509161.398]: t2 - t3 =    +171529
ptp4l[509161.398]: t4 - t1 =    -109750
ptp4l[509162.268]: t1 = +1617185950896528419
ptp4l[509162.268]: t2 = +1617185950896566173
ptp4l[509162.268]: t3 = +1617185950026765121
ptp4l[509162.268]: t4 = +1617185950026798919
ptp4l[509162.268]: t2 - t3 = +869801052
ptp4l[509162.268]: t4 - t1 = -869729500
ptp4l[509162.268]: master offset       1978 s2 freq  +12764 path delay     30889
ptp4l[509162.398]: t1 = +1617185951027148919
ptp4l[509162.398]: t2 = +1617185951027185697
ptp4l[509162.398]: t3 = +1617185951026945200
ptp4l[509162.398]: t4 = +1617185951026973794
ptp4l[509162.398]: t2 - t3 =    +240497
ptp4l[509162.398]: t4 - t1 =    -175125
ptp4l[509163.268]: t1 = +1617185951896616794
ptp4l[509163.268]: t2 = +1617185951896651856
ptp4l[509163.268]: t3 = +1617185951026945200
ptp4l[509163.268]: t4 = +1617185951026973794
ptp4l[509163.268]: t2 - t3 = +869706656
ptp4l[509163.268]: t4 - t1 = -869643000
ptp4l[509163.268]: master offset       3234 s2 freq  +14613 path delay     32686
ptp4l[509163.398]: t1 = +1617185952027217419
ptp4l[509163.398]: t2 = +1617185952027247140
ptp4l[509163.398]: t3 = +1617185952027029455
ptp4l[509163.398]: t4 = +1617185952027060294
ptp4l[509163.398]: t2 - t3 =    +217685
ptp4l[509163.398]: t4 - t1 =    -157125
ptp4l[509164.268]: t1 = +1617185952896733419
ptp4l[509164.268]: t2 = +1617185952896759674
ptp4l[509164.268]: t3 = +1617185952027029455
ptp4l[509164.268]: t4 = +1617185952027060294
ptp4l[509164.268]: t2 - t3 = +869730219
ptp4l[509164.268]: t4 - t1 = -869673125
ptp4l[509164.268]: master offset      -2292 s2 freq  +10057 path delay     30280
ptp4l[509164.398]: t1 = +1617185953027277794
ptp4l[509164.398]: t2 = +1617185953027307551
ptp4l[509164.398]: t3 = +1617185953027152334
ptp4l[509164.398]: t4 = +1617185953027187169
ptp4l[509164.398]: t2 - t3 =    +155217
ptp4l[509164.398]: t4 - t1 =     -90625
ptp4l[509165.268]: t1 = +1617185953896833294
ptp4l[509165.268]: t2 = +1617185953896864097
ptp4l[509165.268]: t3 = +1617185953027152334
ptp4l[509165.268]: t4 = +1617185953027187169
ptp4l[509165.268]: t2 - t3 = +869711763
ptp4l[509165.268]: t4 - t1 = -869646125
ptp4l[509165.268]: master offset      -2016 s2 freq   +9646 path delay     32296
ptp4l[509165.398]: t1 = +1617185954027340169
ptp4l[509165.398]: t2 = +1617185954027372026
ptp4l[509165.398]: t3 = +1617185954027150122
ptp4l[509165.398]: t4 = +1617185954027178294
ptp4l[509165.398]: t2 - t3 =    +221904
ptp4l[509165.398]: t4 - t1 =    -161875
ptp4l[509166.268]: t1 = +1617185954896936044
ptp4l[509166.268]: t2 = +1617185954896968890
ptp4l[509166.268]: t3 = +1617185954027150122
ptp4l[509166.268]: t4 = +1617185954027178294
ptp4l[509166.268]: t2 - t3 = +869818768
ptp4l[509166.268]: t4 - t1 = -869757750
ptp4l[509166.269]: master offset       2337 s2 freq  +13394 path delay     30014
ptp4l[509166.398]: t1 = +1617185955027360044
ptp4l[509166.398]: t2 = +1617185955027396337
ptp4l[509166.398]: t3 = +1617185955027183340
ptp4l[509166.398]: t4 = +1617185955027209794
ptp4l[509166.398]: t2 - t3 =    +212997
ptp4l[509166.398]: t4 - t1 =    -150250
ptp4l[509167.268]: t1 = +1617185955897068919
ptp4l[509167.268]: t2 = +1617185955897101930
ptp4l[509167.268]: t3 = +1617185955027183340
ptp4l[509167.268]: t4 = +1617185955027209794
ptp4l[509167.269]: t2 - t3 = +869918590
ptp4l[509167.269]: t4 - t1 = -869859125
ptp4l[509167.269]: master offset       3279 s2 freq  +15037 path delay     31373
ptp4l[509167.398]: t1 = +1617185956027394919
ptp4l[509167.398]: t2 = +1617185956027425194
ptp4l[509167.398]: t3 = +1617185956027177916
ptp4l[509167.398]: t4 = +1617185956027207669
ptp4l[509167.398]: t2 - t3 =    +247278
ptp4l[509167.398]: t4 - t1 =    -187250
ptp4l[509168.268]: t1 = +1617185956897166919
ptp4l[509168.269]: t2 = +1617185956897193353
ptp4l[509168.269]: t3 = +1617185956027177916
ptp4l[509168.269]: t4 = +1617185956027207669
ptp4l[509168.269]: t2 - t3 = +870015437
ptp4l[509168.269]: t4 - t1 = -869959250
ptp4l[509168.269]: master offset      -1659 s2 freq  +11083 path delay     30014
ptp4l[509168.398]: t1 = +1617185957027411419
ptp4l[509168.398]: t2 = +1617185957027437098
ptp4l[509168.398]: t3 = +1617185957027205476
ptp4l[509168.398]: t4 = +1617185957027238544
ptp4l[509168.399]: t2 - t3 =    +231622
ptp4l[509168.399]: t4 - t1 =    -172875
ptp4l[509169.268]: t1 = +1617185957897263544
ptp4l[509169.269]: t2 = +1617185957897288770
ptp4l[509169.269]: t3 = +1617185957027205476
ptp4l[509169.269]: t4 = +1617185957027238544
ptp4l[509169.269]: t2 - t3 = +870083294
ptp4l[509169.269]: t4 - t1 = -870025000
ptp4l[509169.269]: master offset      -3921 s2 freq   +8323 path delay     29373
ptp4l[509169.399]: t1 = +1617185958027621294
ptp4l[509169.399]: t2 = +1617185958027652873
ptp4l[509169.399]: t3 = +1617185958027420969
ptp4l[509169.399]: t4 = +1617185958027453669
ptp4l[509169.399]: t2 - t3 =    +231904
ptp4l[509169.399]: t4 - t1 =    -167625
ptp4l[509170.269]: t1 = +1617185958897364919
ptp4l[509170.269]: t2 = +1617185958897394872
ptp4l[509170.269]: t3 = +1617185958027420969
ptp4l[509170.269]: t4 = +1617185958027453669
ptp4l[509170.269]: t2 - t3 = +869973903
ptp4l[509170.269]: t4 - t1 = -869911250
ptp4l[509170.269]: master offset      -1373 s2 freq   +9695 path delay     32139
ptp4l[509170.399]: t1 = +1617185959027634919
ptp4l[509170.399]: t2 = +1617185959027670804
ptp4l[509170.399]: t3 = +1617185959027440807
ptp4l[509170.399]: t4 = +1617185959027468669
ptp4l[509170.399]: t2 - t3 =    +229997
ptp4l[509170.399]: t4 - t1 =    -166250
ptp4l[509171.269]: t1 = +1617185959897470294
ptp4l[509171.269]: t2 = +1617185959897507666
ptp4l[509171.269]: t3 = +1617185959027440807
ptp4l[509171.269]: t4 = +1617185959027468669
ptp4l[509171.269]: t2 - t3 = +870066859
ptp4l[509171.269]: t4 - t1 = -870001625
ptp4l[509171.269]: master offset       4755 s2 freq  +15411 path delay     31873
ptp4l[509171.399]: t1 = +1617185960027674169
ptp4l[509171.399]: t2 = +1617185960027710887
ptp4l[509171.399]: t3 = +1617185960027477765
ptp4l[509171.399]: t4 = +1617185960027508044
ptp4l[509171.399]: t2 - t3 =    +233122
ptp4l[509171.399]: t4 - t1 =    -166125
ptp4l[509172.269]: t1 = +1617185960897571044
ptp4l[509172.269]: t2 = +1617185960897598757
ptp4l[509172.269]: t3 = +1617185960027477765
ptp4l[509172.269]: t4 = +1617185960027508044
ptp4l[509172.269]: t2 - t3 = +870120992
ptp4l[509172.269]: t4 - t1 = -870063000
ptp4l[509172.269]: master offset      -1283 s2 freq  +10799 path delay     33498
ptp4l[509172.399]: t1 = +1617185961027615919
ptp4l[509172.399]: t2 = +1617185961027642544
ptp4l[509172.399]: t3 = +1617185961027492014
ptp4l[509172.399]: t4 = +1617185961027522419
ptp4l[509172.399]: t2 - t3 =    +150530
ptp4l[509172.399]: t4 - t1 =     -93500
ptp4l[509173.269]: t1 = +1617185961897682669
ptp4l[509173.269]: t2 = +1617185961897710447
ptp4l[509173.269]: t3 = +1617185961027492014
ptp4l[509173.269]: t4 = +1617185961027522419
ptp4l[509173.269]: t2 - t3 = +870218433
ptp4l[509173.269]: t4 - t1 = -870160250
ptp4l[509173.269]: master offset      -1313 s2 freq  +10384 path delay     28515
ptp4l[509173.399]: t1 = +1617185962027699044
ptp4l[509173.399]: t2 = +1617185962027730285
ptp4l[509173.399]: t3 = +1617185962027506756
ptp4l[509173.399]: t4 = +1617185962027537169
ptp4l[509173.399]: t2 - t3 =    +223529
ptp4l[509173.399]: t4 - t1 =    -161875
ptp4l[509174.269]: t1 = +1617185962897790044
ptp4l[509174.269]: t2 = +1617185962897822507
ptp4l[509174.269]: t3 = +1617185962027506756
ptp4l[509174.269]: t4 = +1617185962027537169
ptp4l[509174.269]: t2 - t3 = +870315751
ptp4l[509174.269]: t4 - t1 = -870252875
ptp4l[509174.270]: master offset       1025 s2 freq  +12328 path delay     30827
ptp4l[509174.399]: t1 = +1617185963027752169
ptp4l[509174.399]: t2 = +1617185963027786102
ptp4l[509174.399]: t3 = +1617185963027552386
ptp4l[509174.399]: t4 = +1617185963027584669
ptp4l[509174.399]: t2 - t3 =    +233716
ptp4l[509174.399]: t4 - t1 =    -167500
ptp4l[509175.269]: t1 = +1617185963897878294
ptp4l[509175.269]: t2 = +1617185963897908677
ptp4l[509175.269]: t3 = +1617185963027552386
ptp4l[509175.269]: t4 = +1617185963027584669
ptp4l[509175.270]: t2 - t3 = +870356291
ptp4l[509175.270]: t4 - t1 = -870293625
ptp4l[509175.270]: master offset       -950 s2 freq  +10661 path delay     33108
ptp4l[509175.399]: t1 = +1617185964027768044
ptp4l[509175.399]: t2 = +1617185964027800515
ptp4l[509175.399]: t3 = +1617185964027570017
ptp4l[509175.399]: t4 = +1617185964027599544
ptp4l[509175.399]: t2 - t3 =    +230498
ptp4l[509175.399]: t4 - t1 =    -168500
ptp4l[509176.269]: t1 = +1617185964897891544
ptp4l[509176.269]: t2 = +1617185964897924524
ptp4l[509176.269]: t3 = +1617185964027570017
ptp4l[509176.270]: t4 = +1617185964027599544
ptp4l[509176.270]: t2 - t3 = +870354507
ptp4l[509176.270]: t4 - t1 = -870292000
ptp4l[509176.270]: master offset       1727 s2 freq  +13053 path delay     30999
ptp4l[509176.399]: t1 = +1617185965027779419
ptp4l[509176.399]: t2 = +1617185965027808025
ptp4l[509176.399]: t3 = +1617185965027594809
ptp4l[509176.399]: t4 = +1617185965027622294
ptp4l[509176.399]: t2 - t3 =    +213216
ptp4l[509176.399]: t4 - t1 =    -157125
ptp4l[509177.269]: t1 = +1617185965897994544
ptp4l[509177.270]: t2 = +1617185965898025961
ptp4l[509177.270]: t3 = +1617185965027594809
ptp4l[509177.270]: t4 = +1617185965027622294
ptp4l[509177.270]: t2 - t3 = +870431152
ptp4l[509177.270]: t4 - t1 = -870372250
ptp4l[509177.270]: master offset       1966 s2 freq  +13810 path delay     28045
ptp4l[509177.399]: t1 = +1617185966027826294
ptp4l[509177.399]: t2 = +1617185966027853390
ptp4l[509177.399]: t3 = +1617185966027628612
ptp4l[509177.399]: t4 = +1617185966027660294
ptp4l[509177.399]: t2 - t3 =    +224778
ptp4l[509177.399]: t4 - t1 =    -166000
ptp4l[509178.269]: t1 = +1617185966898107669
ptp4l[509178.270]: t2 = +1617185966898134635
ptp4l[509178.270]: t3 = +1617185966027628612
ptp4l[509178.270]: t4 = +1617185966027660294
ptp4l[509178.270]: t2 - t3 = +870506023
ptp4l[509178.270]: t4 - t1 = -870447375
ptp4l[509178.270]: master offset      -2358 s2 freq  +10076 path delay     29389
ptp4l[509178.399]: t1 = +1617185967027834044
ptp4l[509178.399]: t2 = +1617185967027866544
ptp4l[509178.399]: t3 = +1617185967027634203
ptp4l[509178.399]: t4 = +1617185967027668044
ptp4l[509178.399]: t2 - t3 =    +232341
ptp4l[509178.399]: t4 - t1 =    -166000
ptp4l[509179.270]: t1 = +1617185967898227794
ptp4l[509179.270]: t2 = +1617185967898255029
ptp4l[509179.270]: t3 = +1617185967027634203
ptp4l[509179.270]: t4 = +1617185967027668044
ptp4l[509179.270]: t2 - t3 = +870620826
ptp4l[509179.270]: t4 - t1 = -870559750
ptp4l[509179.270]: master offset      -3303 s2 freq   +8423 path delay     33170
ptp4l[509179.399]: t1 = +1617185968027809794
ptp4l[509179.399]: t2 = +1617185968027843123
ptp4l[509179.399]: t3 = +1617185968027702375
ptp4l[509179.399]: t4 = +1617185968027730044
ptp4l[509179.399]: t2 - t3 =    +140748
ptp4l[509179.399]: t4 - t1 =     -79750
ptp4l[509180.270]: t1 = +1617185968898336294
ptp4l[509180.270]: t2 = +1617185968898369041
ptp4l[509180.270]: t3 = +1617185968027702375
ptp4l[509180.270]: t4 = +1617185968027730044
ptp4l[509180.270]: t2 - t3 = +870666666
ptp4l[509180.270]: t4 - t1 = -870606250
ptp4l[509180.270]: master offset       2539 s2 freq  +13274 path delay     30499
ptp4l[509180.399]: t1 = +1617185969027946544
ptp4l[509180.399]: t2 = +1617185969027980547
ptp4l[509180.399]: t3 = +1617185969027754144
ptp4l[509180.399]: t4 = +1617185969027784919
ptp4l[509180.399]: t2 - t3 =    +226403
ptp4l[509180.399]: t4 - t1 =    -161625
ptp4l[509181.270]: t1 = +1617185969898442169
ptp4l[509181.270]: t2 = +1617185969898470267
ptp4l[509181.270]: t3 = +1617185969027754144
ptp4l[509181.270]: t4 = +1617185969027784919
ptp4l[509181.270]: t2 - t3 = +870716123
ptp4l[509181.270]: t4 - t1 = -870657250
ptp4l[509181.270]: master offset      -1338 s2 freq  +10159 path delay     32389
ptp4l[509181.399]: t1 = +1617185970027946044
ptp4l[509181.399]: t2 = +1617185970027978172
ptp4l[509181.399]: t3 = +1617185970027770455
ptp4l[509181.399]: t4 = +1617185970027800169
ptp4l[509181.399]: t2 - t3 =    +207717
ptp4l[509181.399]: t4 - t1 =    -145875
ptp4l[509182.270]: t1 = +1617185970898554294
ptp4l[509182.270]: t2 = +1617185970898590601
ptp4l[509182.270]: t3 = +1617185970027770455
ptp4l[509182.270]: t4 = +1617185970027800169
ptp4l[509182.270]: t2 - t3 = +870820146
ptp4l[509182.270]: t4 - t1 = -870754125
ptp4l[509182.270]: master offset       3297 s2 freq  +14393 path delay     30921
ptp4l[509182.399]: t1 = +1617185971027976919
ptp4l[509182.399]: t2 = +1617185971028009935
ptp4l[509182.399]: t3 = +1617185971027788095
ptp4l[509182.399]: t4 = +1617185971027814794
ptp4l[509182.399]: t2 - t3 =    +221840
ptp4l[509182.399]: t4 - t1 =    -162125
ptp4l[509183.270]: t1 = +1617185971898659044
ptp4l[509183.270]: t2 = +1617185971898690728
ptp4l[509183.270]: t3 = +1617185971027788095
ptp4l[509183.270]: t4 = +1617185971027814794
ptp4l[509183.270]: t2 - t3 = +870902633
ptp4l[509183.271]: t4 - t1 = -870844250
ptp4l[509183.271]: master offset       2493 s2 freq  +14578 path delay     29857
ptp4l[509183.399]: t1 = +1617185972028038419
ptp4l[509183.399]: t2 = +1617185972028070068
ptp4l[509183.399]: t3 = +1617185972027838383
ptp4l[509183.399]: t4 = +1617185972027870419
ptp4l[509183.399]: t2 - t3 =    +231685
ptp4l[509183.399]: t4 - t1 =    -168000
ptp4l[509184.270]: t1 = +1617185972898764669
ptp4l[509184.270]: t2 = +1617185972898790669
ptp4l[509184.271]: t3 = +1617185972027838383
ptp4l[509184.271]: t4 = +1617185972027870419
ptp4l[509184.271]: t2 - t3 = +870952286
ptp4l[509184.271]: t4 - t1 = -870894250
ptp4l[509184.271]: master offset      -3018 s2 freq   +9815 path delay     31842
ptp4l[509184.399]: t1 = +1617185973028057794
ptp4l[509184.399]: t2 = +1617185973028082621
ptp4l[509184.399]: t3 = +1617185973027856373
ptp4l[509184.400]: t4 = +1617185973027892919
ptp4l[509184.400]: t2 - t3 =    +226248
ptp4l[509184.400]: t4 - t1 =    -164875
ptp4l[509185.270]: t1 = +1617185973898878169
ptp4l[509185.271]: t2 = +1617185973898903367
ptp4l[509185.271]: t3 = +1617185973027856373
ptp4l[509185.271]: t4 = +1617185973027892919
ptp4l[509185.271]: t2 - t3 = +871046994
ptp4l[509185.271]: t4 - t1 = -870985250
ptp4l[509185.271]: master offset      -5674 s2 freq   +6253 path delay     30686
ptp4l[509185.399]: t1 = +1617185974027994794
ptp4l[509185.399]: t2 = +1617185974028027778
ptp4l[509185.399]: t3 = +1617185974027862029
ptp4l[509185.399]: t4 = +1617185974027891419
ptp4l[509185.399]: t2 - t3 =    +165749
ptp4l[509185.399]: t4 - t1 =    -103375
ptp4l[509186.271]: t1 = +1617185974898979919
ptp4l[509186.271]: t2 = +1617185974899011606
ptp4l[509186.271]: t3 = +1617185974027862029
ptp4l[509186.271]: t4 = +1617185974027891419
ptp4l[509186.271]: t2 - t3 = +871149577
ptp4l[509186.271]: t4 - t1 = -871088500
ptp4l[509186.271]: master offset       1149 s2 freq  +11374 path delay     31187
ptp4l[509186.399]: t1 = +1617185975028082294
ptp4l[509186.400]: t2 = +1617185975028119363
ptp4l[509186.400]: t3 = +1617185975027891085
ptp4l[509186.400]: t4 = +1617185975027914544
ptp4l[509186.400]: t2 - t3 =    +228278
ptp4l[509186.400]: t4 - t1 =    -167750
ptp4l[509187.271]: t1 = +1617185975899086544
ptp4l[509187.271]: t2 = +1617185975899122725
ptp4l[509187.271]: t3 = +1617185975027891085
ptp4l[509187.271]: t4 = +1617185975027914544
ptp4l[509187.271]: t2 - t3 = +871231640
ptp4l[509187.271]: t4 - t1 = -871172000
ptp4l[509187.271]: master offset       6361 s2 freq  +16931 path delay     30264
ptp4l[509187.400]: t1 = +1617185976028132544
ptp4l[509187.400]: t2 = +1617185976028165767
ptp4l[509187.400]: t3 = +1617185976027956395
ptp4l[509187.400]: t4 = +1617185976027986169
ptp4l[509187.400]: t2 - t3 =    +209372
ptp4l[509187.400]: t4 - t1 =    -146375
ptp4l[509188.271]: t1 = +1617185976899189169
ptp4l[509188.271]: t2 = +1617185976899220290
ptp4l[509188.271]: t3 = +1617185976027956395
ptp4l[509188.271]: t4 = +1617185976027986169
ptp4l[509188.271]: t2 - t3 = +871263895
ptp4l[509188.271]: t4 - t1 = -871203000
ptp4l[509188.271]: master offset        674 s2 freq  +13152 path delay     31498
ptp4l[509188.399]: t1 = +1617185977028161294
ptp4l[509188.400]: t2 = +1617185977028191844
ptp4l[509188.400]: t3 = +1617185977027966754
ptp4l[509188.400]: t4 = +1617185977028000044
ptp4l[509188.400]: t2 - t3 =    +225090
ptp4l[509188.400]: t4 - t1 =    -161250
ptp4l[509189.271]: t1 = +1617185977899299669
ptp4l[509189.271]: t2 = +1617185977899329663
ptp4l[509189.271]: t3 = +1617185977027966754
ptp4l[509189.271]: t4 = +1617185977028000044
ptp4l[509189.271]: t2 - t3 = +871362909
ptp4l[509189.271]: t4 - t1 = -871299625
ptp4l[509189.271]: master offset      -1648 s2 freq  +11032 path delay     31920
ptp4l[509189.400]: t1 = +1617185978028186669
ptp4l[509189.400]: t2 = +1617185978028213464
ptp4l[509189.400]: t3 = +1617185978027988310
ptp4l[509189.400]: t4 = +1617185978028023669
ptp4l[509189.400]: t2 - t3 =    +225154
ptp4l[509189.400]: t4 - t1 =    -163000
ptp4l[509190.271]: t1 = +1617185978899325794
ptp4l[509190.271]: t2 = +1617185978899353143
ptp4l[509190.271]: t3 = +1617185978027988310
ptp4l[509190.271]: t4 = +1617185978028023669
ptp4l[509190.271]: t2 - t3 = +871364833
ptp4l[509190.271]: t4 - t1 = -871302125
ptp4l[509190.271]: master offset      -4005 s2 freq   +8181 path delay     31077
ptp4l[509190.400]: t1 = +1617185979028142169
ptp4l[509190.400]: t2 = +1617185979028173306
ptp4l[509190.400]: t3 = +1617185979027997370
ptp4l[509190.400]: t4 = +1617185979028029669
ptp4l[509190.400]: t2 - t3 =    +175936
ptp4l[509190.400]: t4 - t1 =    -112500
ptp4l[509191.271]: t1 = +1617185979899353794
ptp4l[509191.271]: t2 = +1617185979899387462
ptp4l[509191.271]: t3 = +1617185979027997370
ptp4l[509191.271]: t4 = +1617185979028029669
ptp4l[509191.271]: t2 - t3 = +871390092
ptp4l[509191.271]: t4 - t1 = -871324125
ptp4l[509191.271]: master offset        685 s2 freq  +11669 path delay     31718
ptp4l[509191.400]: t1 = +1617185980028145419
ptp4l[509191.400]: t2 = +1617185980028175182
ptp4l[509191.400]: t3 = +1617185980028026715
ptp4l[509191.400]: t4 = +1617185980028052544
ptp4l[509191.400]: t2 - t3 =    +148467
ptp4l[509191.400]: t4 - t1 =     -92875
ptp4l[509192.271]: t1 = +1617185980899461044
ptp4l[509192.271]: t2 = +1617185980899490274
ptp4l[509192.271]: t3 = +1617185980028026715
ptp4l[509192.271]: t4 = +1617185980028052544
ptp4l[509192.271]: t2 - t3 = +871463559
ptp4l[509192.271]: t4 - t1 = -871408500
ptp4l[509192.272]: master offset       1701 s2 freq  +12891 path delay     27796
ptp4l[509192.400]: t1 = +1617185981028234544
ptp4l[509192.400]: t2 = +1617185981028269836
ptp4l[509192.400]: t3 = +1617185981028062276
ptp4l[509192.400]: t4 = +1617185981028091169
ptp4l[509192.400]: t2 - t3 =    +207560
ptp4l[509192.400]: t4 - t1 =    -143375
ptp4l[509193.271]: t1 = +1617185981899563544
ptp4l[509193.271]: t2 = +1617185981899591896
ptp4l[509193.272]: t3 = +1617185981028062276
ptp4l[509193.272]: t4 = +1617185981028091169
ptp4l[509193.272]: t2 - t3 = +871529620
ptp4l[509193.272]: t4 - t1 = -871472375
ptp4l[509193.272]: master offset       -270 s2 freq  +11430 path delay     32092
ptp4l[509193.400]: t1 = +1617185982028212294
ptp4l[509193.400]: t2 = +1617185982028243645
ptp4l[509193.400]: t3 = +1617185982028077490
ptp4l[509193.400]: t4 = +1617185982028106294
ptp4l[509193.400]: t2 - t3 =    +166155
ptp4l[509193.400]: t4 - t1 =    -106000
ptp4l[509194.271]: t1 = +1617185982899667919
ptp4l[509194.271]: t2 = +1617185982899694948
ptp4l[509194.272]: t3 = +1617185982028077490
ptp4l[509194.272]: t4 = +1617185982028106294
ptp4l[509194.272]: t2 - t3 = +871617458
ptp4l[509194.272]: t4 - t1 = -871561625
ptp4l[509194.272]: master offset       -887 s2 freq  +10732 path delay     30077
ptp4l[509194.400]: t1 = +1617185983028196419
ptp4l[509194.400]: t2 = +1617185983028226825
ptp4l[509194.400]: t3 = +1617185983028082920
ptp4l[509194.400]: t4 = +1617185983028113169
ptp4l[509194.400]: t2 - t3 =    +143905
ptp4l[509194.400]: t4 - t1 =     -83250
ptp4l[509195.271]: t1 = +1617185983899687294
ptp4l[509195.272]: t2 = +1617185983899718766
ptp4l[509195.272]: t3 = +1617185983028082920
ptp4l[509195.272]: t4 = +1617185983028113169
ptp4l[509195.272]: t2 - t3 = +871635846
ptp4l[509195.272]: t4 - t1 = -871574125
ptp4l[509195.272]: master offset        612 s2 freq  +11965 path delay     30327
ptp4l[509195.400]: t1 = +1617185984028360044
ptp4l[509195.400]: t2 = +1617185984028394446
ptp4l[509195.400]: t3 = +1617185984028119575
ptp4l[509195.400]: t4 = +1617185984028151919
ptp4l[509195.400]: t2 - t3 =    +274871
ptp4l[509195.400]: t4 - t1 =    -208125
ptp4l[509196.271]: t1 = +1617185984899791669
ptp4l[509196.272]: t2 = +1617185984899821272
ptp4l[509196.272]: t3 = +1617185984028119575
ptp4l[509196.272]: t4 = +1617185984028151919
ptp4l[509196.272]: t2 - t3 = +871701697
ptp4l[509196.272]: t4 - t1 = -871639750
ptp4l[509196.272]: master offset      -1370 s2 freq  +10167 path delay     33373
ptp4l[509196.400]: t1 = +1617185985028333669
ptp4l[509196.400]: t2 = +1617185985028369186
ptp4l[509196.400]: t3 = +1617185985028139470
ptp4l[509196.400]: t4 = +1617185985028166794
ptp4l[509196.400]: t2 - t3 =    +229716
ptp4l[509196.400]: t4 - t1 =    -166875
ptp4l[509197.272]: t1 = +1617185985899897544
ptp4l[509197.272]: t2 = +1617185985899933637
ptp4l[509197.272]: t3 = +1617185985028139470
ptp4l[509197.272]: t4 = +1617185985028166794
ptp4l[509197.272]: t2 - t3 = +871794167
ptp4l[509197.272]: t4 - t1 = -871730750
ptp4l[509197.272]: master offset       4385 s2 freq  +15511 path delay     31420
ptp4l[509197.400]: t1 = +1617185986028362044
ptp4l[509197.400]: t2 = +1617185986028392900
ptp4l[509197.400]: t3 = +1617185986028170372
ptp4l[509197.400]: t4 = +1617185986028197794
ptp4l[509197.400]: t2 - t3 =    +222528
ptp4l[509197.400]: t4 - t1 =    -164250
ptp4l[509198.272]: t1 = +1617185986900019669
ptp4l[509198.272]: t2 = +1617185986900048636
ptp4l[509198.272]: t3 = +1617185986028170372
ptp4l[509198.272]: t4 = +1617185986028197794
ptp4l[509198.272]: t2 - t3 = +871878264
ptp4l[509198.272]: t4 - t1 = -871821875
ptp4l[509198.272]: master offset        773 s2 freq  +13214 path delay     29139
ptp4l[509198.400]: t1 = +1617185987028391669
ptp4l[509198.400]: t2 = +1617185987028420161
ptp4l[509198.400]: t3 = +1617185987028196195
ptp4l[509198.400]: t4 = +1617185987028228919
ptp4l[509198.400]: t2 - t3 =    +223966
ptp4l[509198.400]: t4 - t1 =    -162750
ptp4l[509199.272]: t1 = +1617185987900116794
ptp4l[509199.272]: t2 = +1617185987900141949
ptp4l[509199.272]: t3 = +1617185987028196195
ptp4l[509199.272]: t4 = +1617185987028228919
ptp4l[509199.272]: t2 - t3 = +871945754
ptp4l[509199.272]: t4 - t1 = -871887875
ptp4l[509199.272]: master offset      -3784 s2 freq   +8889 path delay     30608
ptp4l[509199.400]: t1 = +1617185988028417794
ptp4l[509199.400]: t2 = +1617185988028450029
ptp4l[509199.400]: t3 = +1617185988028230031
ptp4l[509199.400]: t4 = +1617185988028259794
ptp4l[509199.400]: t2 - t3 =    +219998
ptp4l[509199.400]: t4 - t1 =    -158000
ptp4l[509200.272]: t1 = +1617185988900240044
ptp4l[509200.272]: t2 = +1617185988900271563
ptp4l[509200.272]: t3 = +1617185988028230031
ptp4l[509200.272]: t4 = +1617185988028259794
ptp4l[509200.272]: t2 - t3 = +872041532
ptp4l[509200.272]: t4 - t1 = -871980250
ptp4l[509200.272]: master offset        878 s2 freq  +12416 path delay     30999
ptp4l[509200.400]: t1 = +1617185989028399794
ptp4l[509200.400]: t2 = +1617185989028427228
ptp4l[509200.400]: t3 = +1617185989028261543
ptp4l[509200.400]: t4 = +1617185989028290294
ptp4l[509200.400]: t2 - t3 =    +165685
ptp4l[509200.400]: t4 - t1 =    -109500
ptp4l[509201.272]: t1 = +1617185989900345669
ptp4l[509201.272]: t2 = +1617185989900373675
ptp4l[509201.272]: t3 = +1617185989028261543
ptp4l[509201.272]: t4 = +1617185989028290294
ptp4l[509201.273]: t2 - t3 = +872112132
ptp4l[509201.273]: t4 - t1 = -872055375
ptp4l[509201.273]: master offset       -372 s2 freq  +11429 path delay     28092
ptp4l[509201.400]: t1 = +1617185990028514419
ptp4l[509201.400]: t2 = +1617185990028545430
ptp4l[509201.400]: t3 = +1617185990028295932
ptp4l[509201.400]: t4 = +1617185990028330044
ptp4l[509201.400]: t2 - t3 =    +249498
ptp4l[509201.400]: t4 - t1 =    -184375
ptp4l[509202.272]: t1 = +1617185990900451169
ptp4l[509202.272]: t2 = +1617185990900484759
ptp4l[509202.272]: t3 = +1617185990028295932
ptp4l[509202.273]: t4 = +1617185990028330044
ptp4l[509202.273]: t2 - t3 = +872188827
ptp4l[509202.273]: t4 - t1 = -872121125
ptp4l[509202.273]: master offset       -261 s2 freq  +11429 path delay     32561
ptp4l[509202.400]: t1 = +1617185991028532294
ptp4l[509202.400]: t2 = +1617185991028560547
ptp4l[509202.400]: t3 = +1617185991028339237
ptp4l[509202.400]: t4 = +1617185991028368169
ptp4l[509202.400]: t2 - t3 =    +221310
ptp4l[509202.400]: t4 - t1 =    -164125
ptp4l[509203.272]: t1 = +1617185991900563544
ptp4l[509203.273]: t2 = +1617185991900595844
ptp4l[509203.273]: t3 = +1617185991028339237
ptp4l[509203.273]: t4 = +1617185991028368169
ptp4l[509203.273]: t2 - t3 = +872256607
ptp4l[509203.273]: t4 - t1 = -872195375
ptp4l[509203.273]: master offset       1684 s2 freq  +13295 path delay     28592
ptp4l[509203.400]: t1 = +1617185992028557044
ptp4l[509203.400]: t2 = +1617185992028583400
ptp4l[509203.400]: t3 = +1617185992028362153
ptp4l[509203.400]: t4 = +1617185992028391419
ptp4l[509203.400]: t2 - t3 =    +221247
ptp4l[509203.400]: t4 - t1 =    -165625
ptp4l[509204.273]: t1 = +1617185992900685669
ptp4l[509204.273]: t2 = +1617185992900713099
ptp4l[509204.273]: t3 = +1617185992028362153
ptp4l[509204.273]: t4 = +1617185992028391419
ptp4l[509204.273]: t2 - t3 = +872350946
ptp4l[509204.273]: t4 - t1 = -872294250
ptp4l[509204.273]: master offset       -918 s2 freq  +11199 path delay     27811
ptp4l[509204.400]: t1 = +1617185993028588669
ptp4l[509204.400]: t2 = +1617185993028620919
ptp4l[509204.400]: t3 = +1617185993028386328
ptp4l[509204.400]: t4 = +1617185993028421794
ptp4l[509204.400]: t2 - t3 =    +234591
ptp4l[509204.400]: t4 - t1 =    -166875
ptp4l[509205.273]: t1 = +1617185993900716919
ptp4l[509205.273]: t2 = +1617185993900744428
ptp4l[509205.273]: t3 = +1617185993028386328
ptp4l[509205.273]: t4 = +1617185993028421794
ptp4l[509205.273]: t2 - t3 = +872358100
ptp4l[509205.273]: t4 - t1 = -872295125
ptp4l[509205.273]: master offset      -3978 s2 freq   +7863 path delay     33858
ptp4l[509205.400]: t1 = +1617185994028611044
ptp4l[509205.400]: t2 = +1617185994028644676
ptp4l[509205.400]: t3 = +1617185994028406459
ptp4l[509205.400]: t4 = +1617185994028436794
ptp4l[509205.400]: t2 - t3 =    +238217
ptp4l[509205.400]: t4 - t1 =    -174250
ptp4l[509206.273]: t1 = +1617185994900726919
ptp4l[509206.273]: t2 = +1617185994900763112
ptp4l[509206.273]: t3 = +1617185994028406459
ptp4l[509206.273]: t4 = +1617185994028436794
ptp4l[509206.273]: t2 - t3 = +872356653
ptp4l[509206.273]: t4 - t1 = -872290125
ptp4l[509206.273]: master offset       2929 s2 freq  +13577 path delay     31983
ptp4l[509206.400]: t1 = +1617185995028647419
ptp4l[509206.400]: t2 = +1617185995028678633
ptp4l[509206.400]: t3 = +1617185995028457199
ptp4l[509206.401]: t4 = +1617185995028484294
ptp4l[509206.401]: t2 - t3 =    +221434
ptp4l[509206.401]: t4 - t1 =    -163125
ptp4l[509207.273]: t1 = +1617185995900772544
ptp4l[509207.273]: t2 = +1617185995900800066
ptp4l[509207.273]: t3 = +1617185995028457199
ptp4l[509207.273]: t4 = +1617185995028484294
ptp4l[509207.273]: t2 - t3 = +872342867
ptp4l[509207.273]: t4 - t1 = -872288250
ptp4l[509207.273]: master offset        214 s2 freq  +11741 path delay     29154
ptp4l[509207.400]: t1 = +1617185996028692294
ptp4l[509207.400]: t2 = +1617185996028723816
ptp4l[509207.400]: t3 = +1617185996028493506
ptp4l[509207.400]: t4 = +1617185996028523294
ptp4l[509207.401]: t2 - t3 =    +230310
ptp4l[509207.401]: t4 - t1 =    -169000
ptp4l[509208.273]: t1 = +1617185996900874544
ptp4l[509208.273]: t2 = +1617185996900902845
ptp4l[509208.273]: t3 = +1617185996028493506
ptp4l[509208.273]: t4 = +1617185996028523294
ptp4l[509208.273]: t2 - t3 = +872409339
ptp4l[509208.273]: t4 - t1 = -872351250
ptp4l[509208.273]: master offset       -743 s2 freq  +10848 path delay     30655
ptp4l[509208.400]: t1 = +1617185997028719669
ptp4l[509208.400]: t2 = +1617185997028754713
ptp4l[509208.401]: t3 = +1617185997028526996
ptp4l[509208.401]: t4 = +1617185997028561419
ptp4l[509208.401]: t2 - t3 =    +227717
ptp4l[509208.401]: t4 - t1 =    -158250
ptp4l[509209.273]: t1 = +1617185997901001044
ptp4l[509209.273]: t2 = +1617185997901030570
ptp4l[509209.273]: t3 = +1617185997028526996
ptp4l[509209.273]: t4 = +1617185997028561419
ptp4l[509209.273]: t2 - t3 = +872503574
ptp4l[509209.273]: t4 - t1 = -872439625
ptp4l[509209.273]: master offset      -2448 s2 freq   +8920 path delay     34733
ptp4l[509209.400]: t1 = +1617185998028701919
ptp4l[509209.400]: t2 = +1617185998028730681
ptp4l[509209.400]: t3 = +1617185998028587839
ptp4l[509209.401]: t4 = +1617185998028616919
ptp4l[509209.401]: t2 - t3 =    +142842
ptp4l[509209.401]: t4 - t1 =     -85000
ptp4l[509210.273]: t1 = +1617185998901108294
ptp4l[509210.273]: t2 = +1617185998901144157
ptp4l[509210.273]: t3 = +1617185998028587839
ptp4l[509210.273]: t4 = +1617185998028616919
ptp4l[509210.273]: t2 - t3 = +872556318
ptp4l[509210.273]: t4 - t1 = -872491375
ptp4l[509210.274]: master offset       3392 s2 freq  +14025 path delay     28921
ptp4l[509210.401]: t1 = +1617185999028744169
ptp4l[509210.401]: t2 = +1617185999028779627
ptp4l[509210.401]: t3 = +1617185999028612442
ptp4l[509210.401]: t4 = +1617185999028639044
ptp4l[509210.401]: t2 - t3 =    +167185
ptp4l[509210.401]: t4 - t1 =    -105125
ptp4l[509211.273]: t1 = +1617185999901215794
ptp4l[509211.273]: t2 = +1617185999901244682
ptp4l[509211.273]: t3 = +1617185999028612442
ptp4l[509211.273]: t4 = +1617185999028639044
ptp4l[509211.274]: t2 - t3 = +872632240
ptp4l[509211.274]: t4 - t1 = -872576750
ptp4l[509211.274]: master offset       1143 s2 freq  +12794 path delay     31030
ptp4l[509211.401]: t1 = +1617186000028821919
ptp4l[509211.401]: t2 = +1617186000028856303
ptp4l[509211.401]: t3 = +1617186000028621775
ptp4l[509211.401]: t4 = +1617186000028653919
ptp4l[509211.401]: t2 - t3 =    +234528
ptp4l[509211.401]: t4 - t1 =    -168000
ptp4l[509212.273]: t1 = +1617186000901317544
ptp4l[509212.273]: t2 = +1617186000901346455
ptp4l[509212.274]: t3 = +1617186000028621775
ptp4l[509212.274]: t4 = +1617186000028653919
ptp4l[509212.274]: t2 - t3 = +872724680
ptp4l[509212.274]: t4 - t1 = -872663625
ptp4l[509212.274]: master offset      -1616 s2 freq  +10378 path delay     33264
ptp4l[509212.401]: t1 = +1617186001028857794
ptp4l[509212.401]: t2 = +1617186001028886379
ptp4l[509212.401]: t3 = +1617186001028650226
ptp4l[509212.401]: t4 = +1617186001028685544
ptp4l[509212.401]: t2 - t3 =    +236153
ptp4l[509212.401]: t4 - t1 =    -172250
ptp4l[509213.274]: t1 = +1617186001901417044
ptp4l[509213.274]: t2 = +1617186001901450576
ptp4l[509213.274]: t3 = +1617186001028650226
ptp4l[509213.274]: t4 = +1617186001028685544
ptp4l[509213.274]: t2 - t3 = +872800350
ptp4l[509213.274]: t4 - t1 = -872731500
ptp4l[509213.274]: master offset       -893 s2 freq  +10616 path delay     31951
ptp4l[509213.401]: t1 = +1617186002028877294
ptp4l[509213.401]: t2 = +1617186002028910511
ptp4l[509213.401]: t3 = +1617186002028682201
ptp4l[509213.401]: t4 = +1617186002028708044
ptp4l[509213.401]: t2 - t3 =    +228310
ptp4l[509213.401]: t4 - t1 =    -169250
ptp4l[509214.273]: t1 = +1617186002901429169
ptp4l[509214.274]: t2 = +1617186002901466548
ptp4l[509214.274]: t3 = +1617186002028682201
ptp4l[509214.274]: t4 = +1617186002028708044
ptp4l[509214.274]: t2 - t3 = +872784347
ptp4l[509214.274]: t4 - t1 = -872721125
ptp4l[509214.274]: master offset       5768 s2 freq  +17009 path delay     29530
ptp4l[509214.401]: t1 = +1617186003028925794
ptp4l[509214.401]: t2 = +1617186003028957639
ptp4l[509214.401]: t3 = +1617186003028732987
ptp4l[509214.401]: t4 = +1617186003028762544
ptp4l[509214.401]: t2 - t3 =    +224652
ptp4l[509214.401]: t4 - t1 =    -163250
ptp4l[509215.274]: t1 = +1617186003901556544
ptp4l[509215.274]: t2 = +1617186003901588082
ptp4l[509215.274]: t3 = +1617186003028732987
ptp4l[509215.274]: t4 = +1617186003028762544
ptp4l[509215.274]: t2 - t3 = +872855095
ptp4l[509215.274]: t4 - t1 = -872794000
ptp4l[509215.274]: master offset        991 s2 freq  +13963 path delay     30701
ptp4l[509215.401]: t1 = +1617186004028941044
ptp4l[509215.401]: t2 = +1617186004028967557
ptp4l[509215.401]: t3 = +1617186004028744717
ptp4l[509215.401]: t4 = +1617186004028777544
ptp4l[509215.401]: t2 - t3 =    +222840
ptp4l[509215.401]: t4 - t1 =    -163500
ptp4l[509216.274]: t1 = +1617186004901665419
ptp4l[509216.274]: t2 = +1617186004901688694
ptp4l[509216.274]: t3 = +1617186004028744717
ptp4l[509216.274]: t4 = +1617186004028777544
ptp4l[509216.274]: t2 - t3 = +872943977
ptp4l[509216.274]: t4 - t1 = -872887875
ptp4l[509216.274]: master offset      -4776 s2 freq   +8493 path delay     29670
ptp4l[509216.401]: t1 = +1617186005028988919
ptp4l[509216.401]: t2 = +1617186005029012859
ptp4l[509216.401]: t3 = +1617186005028780142
ptp4l[509216.401]: t4 = +1617186005028816169
ptp4l[509216.401]: t2 - t3 =    +232717
ptp4l[509216.401]: t4 - t1 =    -172750
ptp4l[509217.274]: t1 = +1617186005901682669
ptp4l[509217.274]: t2 = +1617186005901714705
ptp4l[509217.274]: t3 = +1617186005028780142
ptp4l[509217.274]: t4 = +1617186005028816169
ptp4l[509217.274]: t2 - t3 = +872934563
ptp4l[509217.274]: t4 - t1 = -872866500
ptp4l[509217.274]: master offset      -1995 s2 freq   +9841 path delay     29983
ptp4l[509217.401]: t1 = +1617186006028961169
ptp4l[509217.401]: t2 = +1617186006028990737
ptp4l[509217.401]: t3 = +1617186006028798270
ptp4l[509217.401]: t4 = +1617186006028831419
ptp4l[509217.401]: t2 - t3 =    +192467
ptp4l[509217.401]: t4 - t1 =    -129750
ptp4l[509218.274]: t1 = +1617186006901785044
ptp4l[509218.274]: t2 = +1617186006901819410
ptp4l[509218.274]: t3 = +1617186006028798270
ptp4l[509218.274]: t4 = +1617186006028831419
ptp4l[509218.274]: t2 - t3 = +873021140
ptp4l[509218.274]: t4 - t1 = -872953625
ptp4l[509218.274]: master offset        609 s2 freq  +11847 path delay     31358
ptp4l[509218.401]: t1 = +1617186007028984919
ptp4l[509218.401]: t2 = +1617186007029015187
ptp4l[509218.401]: t3 = +1617186007028827845
ptp4l[509218.401]: t4 = +1617186007028861919
ptp4l[509218.401]: t2 - t3 =    +187342
ptp4l[509218.401]: t4 - t1 =    -123000
ptp4l[509219.274]: t1 = +1617186007901898669
ptp4l[509219.274]: t2 = +1617186007901930100
ptp4l[509219.274]: t3 = +1617186007028827845
ptp4l[509219.274]: t4 = +1617186007028861919
ptp4l[509219.274]: t2 - t3 = +873102255
ptp4l[509219.274]: t4 - t1 = -873036750
ptp4l[509219.275]: master offset      -1321 s2 freq  +10099 path delay     32171
ptp4l[509219.401]: t1 = +1617186008029071919
ptp4l[509219.401]: t2 = +1617186008029102068
ptp4l[509219.401]: t3 = +1617186008028881789
ptp4l[509219.401]: t4 = +1617186008028909544
ptp4l[509219.401]: t2 - t3 =    +220279
ptp4l[509219.401]: t4 - t1 =    -162375
ptp4l[509220.274]: t1 = +1617186008901917169
ptp4l[509220.274]: t2 = +1617186008901946559
ptp4l[509220.274]: t3 = +1617186008028881789
ptp4l[509220.274]: t4 = +1617186008028909544
ptp4l[509220.274]: t2 - t3 = +873064770
ptp4l[509220.275]: t4 - t1 = -873007625
ptp4l[509220.275]: master offset        818 s2 freq  +11842 path delay     28952
ptp4l[509220.401]: t1 = +1617186009029126169
ptp4l[509220.401]: t2 = +1617186009029158304
ptp4l[509220.401]: t3 = +1617186009028930370
ptp4l[509220.401]: t4 = +1617186009028963544
ptp4l[509220.401]: t2 - t3 =    +227934
ptp4l[509220.401]: t4 - t1 =    -162625
ptp4l[509221.274]: t1 = +1617186009902032169
ptp4l[509221.274]: t2 = +1617186009902065218
ptp4l[509221.274]: t3 = +1617186009028930370
ptp4l[509221.274]: t4 = +1617186009028963544
ptp4l[509221.275]: t2 - t3 = +873134848
ptp4l[509221.275]: t4 - t1 = -873068625
ptp4l[509221.275]: master offset        -62 s2 freq  +11207 path delay     32654
ptp4l[509221.401]: t1 = +1617186010029158544
ptp4l[509221.401]: t2 = +1617186010029189079
ptp4l[509221.401]: t3 = +1617186010028936394
ptp4l[509221.401]: t4 = +1617186010028962419
ptp4l[509221.401]: t2 - t3 =    +252685
ptp4l[509221.401]: t4 - t1 =    -196125
ptp4l[509222.274]: t1 = +1617186010902141169
ptp4l[509222.275]: t2 = +1617186010902176609
ptp4l[509222.275]: t3 = +1617186010028936394
ptp4l[509222.275]: t4 = +1617186010028962419
ptp4l[509222.275]: t2 - t3 = +873240215
ptp4l[509222.275]: t4 - t1 = -873178750
ptp4l[509222.275]: master offset       4708 s2 freq  +15959 path delay     28280
ptp4l[509222.401]: t1 = +1617186011029094294
ptp4l[509222.401]: t2 = +1617186011029123841
ptp4l[509222.401]: t3 = +1617186011028947094
ptp4l[509222.401]: t4 = +1617186011028977669
ptp4l[509222.401]: t2 - t3 =    +176747
ptp4l[509222.401]: t4 - t1 =    -116625
ptp4l[509223.275]: t1 = +1617186011902244919
ptp4l[509223.275]: t2 = +1617186011902275182
ptp4l[509223.275]: t3 = +1617186011028947094
ptp4l[509223.275]: t4 = +1617186011028977669
ptp4l[509223.275]: t2 - t3 = +873328088
ptp4l[509223.275]: t4 - t1 = -873267250
ptp4l[509223.275]: master offset       -156 s2 freq  +12507 path delay     30061
ptp4l[509223.401]: t1 = +1617186012029164294
ptp4l[509223.401]: t2 = +1617186012029190880
ptp4l[509223.401]: t3 = +1617186012028963976
ptp4l[509223.401]: t4 = +1617186012029000294
ptp4l[509223.401]: t2 - t3 =    +226904
ptp4l[509223.401]: t4 - t1 =    -164000
ptp4l[509224.275]: t1 = +1617186012902350419
ptp4l[509224.275]: t2 = +1617186012902377257
ptp4l[509224.275]: t3 = +1617186012028963976
ptp4l[509224.275]: t4 = +1617186012029000294
ptp4l[509224.275]: t2 - t3 = +873413281
ptp4l[509224.275]: t4 - t1 = -873350125
ptp4l[509224.275]: master offset      -4740 s2 freq   +7876 path delay     31452
ptp4l[509224.401]: t1 = +1617186013029096294
ptp4l[509224.401]: t2 = +1617186013029125537
ptp4l[509224.401]: t3 = +1617186013028983975
ptp4l[509224.401]: t4 = +1617186013029015044
ptp4l[509224.401]: t2 - t3 =    +141562
ptp4l[509224.401]: t4 - t1 =     -81250
ptp4l[509225.275]: t1 = +1617186013902369419
ptp4l[509225.275]: t2 = +1617186013902403911
ptp4l[509225.275]: t3 = +1617186013028983975
ptp4l[509225.275]: t4 = +1617186013029015044
ptp4l[509225.275]: t2 - t3 = +873419936
ptp4l[509225.275]: t4 - t1 = -873354375
ptp4l[509225.275]: master offset       1712 s2 freq  +12906 path delay     30156
ptp4l[509225.401]: t1 = +1617186014029161419
ptp4l[509225.401]: t2 = +1617186014029191564
ptp4l[509225.401]: t3 = +1617186014029015472
ptp4l[509225.401]: t4 = +1617186014029045919
ptp4l[509225.401]: t2 - t3 =    +176092
ptp4l[509225.401]: t4 - t1 =    -115500
ptp4l[509226.275]: t1 = +1617186014902392169
ptp4l[509226.275]: t2 = +1617186014902425568
ptp4l[509226.275]: t3 = +1617186014029015472
ptp4l[509226.275]: t4 = +1617186014029045919
ptp4l[509226.275]: t2 - t3 = +873410096
ptp4l[509226.275]: t4 - t1 = -873346250
ptp4l[509226.275]: master offset       1476 s2 freq  +13184 path delay     30296
ptp4l[509226.401]: t1 = +1617186015029216419
ptp4l[509226.401]: t2 = +1617186015029245177
ptp4l[509226.401]: t3 = +1617186015029036430
ptp4l[509226.401]: t4 = +1617186015029068794
ptp4l[509226.401]: t2 - t3 =    +208747
ptp4l[509226.401]: t4 - t1 =    -147625
ptp4l[509227.275]: t1 = +1617186015902502294
ptp4l[509227.275]: t2 = +1617186015902534914
ptp4l[509227.275]: t3 = +1617186015029036430
ptp4l[509227.275]: t4 = +1617186015029068794
ptp4l[509227.275]: t2 - t3 = +873498484
ptp4l[509227.275]: t4 - t1 = -873433500
ptp4l[509227.275]: master offset        128 s2 freq  +12279 path delay     30561
ptp4l[509227.401]: t1 = +1617186016029193794
ptp4l[509227.401]: t2 = +1617186016029218671
ptp4l[509227.401]: t3 = +1617186016029052767
ptp4l[509227.401]: t4 = +1617186016029083669
ptp4l[509227.401]: t2 - t3 =    +165904
ptp4l[509227.401]: t4 - t1 =    -110125
ptp4l[509228.275]: t1 = +1617186016902605169
ptp4l[509228.275]: t2 = +1617186016902637175
ptp4l[509228.275]: t3 = +1617186016029052767
ptp4l[509228.275]: t4 = +1617186016029083669
ptp4l[509228.275]: t2 - t3 = +873584408
ptp4l[509228.275]: t4 - t1 = -873521500
ptp4l[509228.275]: master offset        552 s2 freq  +12741 path delay     27889
ptp4l[509228.401]: t1 = +1617186017029298669
ptp4l[509228.402]: t2 = +1617186017029328848
ptp4l[509228.402]: t3 = +1617186017029101601
ptp4l[509228.402]: t4 = +1617186017029138794
ptp4l[509228.402]: t2 - t3 =    +227247
ptp4l[509228.402]: t4 - t1 =    -159875
ptp4l[509229.275]: t1 = +1617186017902713794
ptp4l[509229.275]: t2 = +1617186017902739010
ptp4l[509229.275]: t3 = +1617186017029101601
ptp4l[509229.275]: t4 = +1617186017029138794
ptp4l[509229.275]: t2 - t3 = +873637409
ptp4l[509229.275]: t4 - t1 = -873575000
ptp4l[509229.276]: master offset      -5988 s2 freq   +6367 path delay     33686
ptp4l[509229.402]: t1 = +1617186018029320169
ptp4l[509229.402]: t2 = +1617186018029351513
ptp4l[509229.402]: t3 = +1617186018029104827
ptp4l[509229.402]: t4 = +1617186018029138169
ptp4l[509229.402]: t2 - t3 =    +246686
ptp4l[509229.402]: t4 - t1 =    -182000
ptp4l[509230.275]: t1 = +1617186018902740044
ptp4l[509230.275]: t2 = +1617186018902775188
ptp4l[509230.275]: t3 = +1617186018029104827
ptp4l[509230.275]: t4 = +1617186018029138169
ptp4l[509230.275]: t2 - t3 = +873670361
ptp4l[509230.275]: t4 - t1 = -873601875
ptp4l[509230.276]: master offset        901 s2 freq  +11459 path delay     32343
ptp4l[509230.402]: t1 = +1617186019029341794
ptp4l[509230.402]: t2 = +1617186019029371059
ptp4l[509230.402]: t3 = +1617186019029148656
ptp4l[509230.402]: t4 = +1617186019029176294
ptp4l[509230.402]: t2 - t3 =    +222403
ptp4l[509230.402]: t4 - t1 =    -165500
ptp4l[509231.275]: t1 = +1617186019902845169
ptp4l[509231.275]: t2 = +1617186019902878339
ptp4l[509231.275]: t3 = +1617186019029148656
ptp4l[509231.276]: t4 = +1617186019029176294
ptp4l[509231.276]: t2 - t3 = +873729683
ptp4l[509231.276]: t4 - t1 = -873668875
ptp4l[509231.276]: master offset       2766 s2 freq  +13595 path delay     28451
ptp4l[509231.402]: t1 = +1617186020029339544
ptp4l[509231.402]: t2 = +1617186020029369908
ptp4l[509231.402]: t3 = +1617186020029152943
ptp4l[509231.402]: t4 = +1617186020029183419
ptp4l[509231.402]: t2 - t3 =    +216965
ptp4l[509231.402]: t4 - t1 =    -156125
ptp4l[509232.275]: t1 = +1617186020902870669
ptp4l[509232.275]: t2 = +1617186020902899322
ptp4l[509232.276]: t3 = +1617186020029152943
ptp4l[509232.276]: t4 = +1617186020029183419
ptp4l[509232.276]: t2 - t3 = +873746379
ptp4l[509232.276]: t4 - t1 = -873687250
ptp4l[509232.276]: master offset       -911 s2 freq  +10748 path delay     30420
ptp4l[509232.402]: t1 = +1617186021029393919
ptp4l[509232.402]: t2 = +1617186021029423273
ptp4l[509232.402]: t3 = +1617186021029198307
ptp4l[509232.402]: t4 = +1617186021029230544
ptp4l[509232.402]: t2 - t3 =    +224966
ptp4l[509232.402]: t4 - t1 =    -163375
ptp4l[509233.275]: t1 = +1617186021902974669
ptp4l[509233.276]: t2 = +1617186021903003139
ptp4l[509233.276]: t3 = +1617186021029198307
ptp4l[509233.276]: t4 = +1617186021029230544
ptp4l[509233.276]: t2 - t3 = +873804832
ptp4l[509233.276]: t4 - t1 = -873744125
ptp4l[509233.276]: master offset      -1883 s2 freq   +9502 path delay     30795
ptp4l[509233.402]: t1 = +1617186022029419169
ptp4l[509233.402]: t2 = +1617186022029455223
ptp4l[509233.402]: t3 = +1617186022029229225
ptp4l[509233.402]: t4 = +1617186022029261044
ptp4l[509233.402]: t2 - t3 =    +225998
ptp4l[509233.402]: t4 - t1 =    -158125
^Clenovo@RG-Test17-linux:~/Desktop/auxlander/linuxptp$ 
