sudo ./ptp4l -P -4 -i enp0s25 -m -s
ptp4l[441805.138]: selected /dev/ptp0 as PTP clock
ptp4l[441805.139]: port 1 (enp0s25): INITIALIZING to LISTENING on INIT_COMPLETE
ptp4l[441805.139]: port 0 (/var/run/ptp4l): INITIALIZING to LISTENING on INIT_COMPLETE
ptp4l[441805.139]: port 0 (/var/run/ptp4lro): INITIALIZING to LISTENING on INIT_COMPLETE
ptp4l[441806.139]: t1 = +1617118596038676294
ptp4l[441806.139]: t2 = +1617118596037812856
ptp4l[441806.139]: t3 = +1617118596037582233
ptp4l[441806.139]: t2 = +1617118596038509919
ptp4l[441806.139]: delay = (t2 - t3) * rr + (t4 - t1)
ptp4l[441806.139]: t2 - t3 =    +230623
ptp4l[441806.139]: t4 - t1 =    -166375
ptp4l[441806.139]: rr = 1.000000000
ptp4l[441807.034]: port 1 (enp0s25): new foreign master a8a159.fffe.052841-1
ptp4l[441807.139]: t1 = +1617118597038797044
ptp4l[441807.139]: t2 = +1617118597037930100
ptp4l[441807.140]: t3 = +1617118597037700197
ptp4l[441807.140]: t2 = +1617118597038629169
ptp4l[441807.140]: delay = (t2 - t3) * rr + (t4 - t1)
ptp4l[441807.140]: t2 - t3 =    +229903
ptp4l[441807.140]: t4 - t1 =    -167875
ptp4l[441807.140]: rr = 1.000000000
ptp4l[441808.139]: t1 = +1617118598038936294
ptp4l[441808.140]: t2 = +1617118598038063345
ptp4l[441808.140]: t3 = +1617118598037841160
ptp4l[441808.140]: t2 = +1617118598038771794
ptp4l[441808.140]: delay = (t2 - t3) * rr + (t4 - t1)
ptp4l[441808.140]: t2 - t3 =    +222185
ptp4l[441808.140]: t4 - t1 =    -164500
ptp4l[441808.140]: rr = 1.000000000
ptp4l[441809.139]: t1 = +1617118599038935794
ptp4l[441809.140]: t2 = +1617118599038060592
ptp4l[441809.140]: t3 = +1617118599037919968
ptp4l[441809.140]: t2 = +1617118599038851169
ptp4l[441809.140]: delay = (t2 - t3) * rr + (t4 - t1)
ptp4l[441809.140]: t2 - t3 =    +140624
ptp4l[441809.140]: t4 - t1 =     -84625
ptp4l[441809.140]: rr = 1.000000000
ptp4l[441810.140]: t1 = +1617118600039080169
ptp4l[441810.140]: t2 = +1617118600038209836
ptp4l[441810.140]: t3 = +1617118600038048994
ptp4l[441810.140]: t2 = +1617118600038985669
ptp4l[441810.140]: delay = (t2 - t3) * rr + (t4 - t1)
ptp4l[441810.140]: t2 - t3 =    +160842
ptp4l[441810.140]: t4 - t1 =     -94500
ptp4l[441810.140]: rr = 1.000000000
ptp4l[441811.034]: selected best master clock a8a159.fffe.052841
ptp4l[441811.034]: running in a temporal vortex
ptp4l[441811.034]: port 1 (enp0s25): LISTENING to UNCALIBRATED on RS_SLAVE
ptp4l[441811.140]: t1 = +1617118601039243294
ptp4l[441811.140]: t2 = +1617118601038367080
ptp4l[441811.140]: t3 = +1617118601038142115
ptp4l[441811.140]: t2 = +1617118601039080544
ptp4l[441811.140]: delay = (t2 - t3) * rr + (t4 - t1)
ptp4l[441811.140]: t2 - t3 =    +224965
ptp4l[441811.140]: t4 - t1 =    -162750
ptp4l[441811.140]: rr = 1.000000000
ptp4l[441811.710]: t1 = +1617118601609151169
ptp4l[441811.710]: t2 = +1617118601608275303
ptp4l[441811.710]: t3 = +1617118601038142115
ptp4l[441811.710]: t2 = +1617118601039080544
ptp4l[441811.710]: delay = (t2 - t3) * rr + (t4 - t1)
ptp4l[441811.710]: t2 - t3 = +570133188
ptp4l[441811.710]: t4 - t1 = -570070625
ptp4l[441811.710]: rr = 1.000000000
ptp4l[441811.710]: master offset    -907147 s0 freq  +12879 path delay     31107
ptp4l[441812.140]: t1 = +1617118602039286044
ptp4l[441812.140]: t2 = +1617118602038412326
ptp4l[441812.140]: t3 = +1617118602038178048
ptp4l[441812.140]: t2 = +1617118602039120294
ptp4l[441812.140]: delay = (t2 - t3) * rr + (t4 - t1)
ptp4l[441812.140]: t2 - t3 =    +234278
ptp4l[441812.140]: t4 - t1 =    -165750
ptp4l[441812.140]: rr = 1.000000000
ptp4l[441812.710]: t1 = +1617118602609159044
ptp4l[441812.710]: t2 = +1617118602608280550
ptp4l[441812.710]: t3 = +1617118602038178048
ptp4l[441812.710]: t2 = +1617118602039120294
ptp4l[441812.710]: delay = (t2 - t3) * rr + (t4 - t1)
ptp4l[441812.710]: t2 - t3 = +570102502
ptp4l[441812.710]: t4 - t1 = -570038750
ptp4l[441812.710]: rr = 1.000000000
ptp4l[441812.711]: master offset    -910370 s1 freq   +9656 path delay     34264
ptp4l[441813.140]: t1 = +1617118603039363794
ptp4l[441813.140]: t2 = +1617118603039393362
ptp4l[441813.140]: t3 = +1617118603039173083
ptp4l[441813.140]: t2 = +1617118603039198794
ptp4l[441813.140]: delay = (t2 - t3) * rr + (t4 - t1)
ptp4l[441813.140]: t2 - t3 =    +220279
ptp4l[441813.140]: t4 - t1 =    -165000
ptp4l[441813.140]: rr = 1.000000000
ptp4l[441813.710]: t1 = +1617118603609172169
ptp4l[441813.710]: t2 = +1617118603609207398
ptp4l[441813.710]: t3 = +1617118603039173083
ptp4l[441813.710]: t2 = +1617118603039198794
ptp4l[441813.710]: delay = (t2 - t3) * rr + (t4 - t1)
ptp4l[441813.710]: t2 - t3 = +570034315
ptp4l[441813.710]: t4 - t1 = -569973375
ptp4l[441813.710]: rr = 1.000000000
ptp4l[441813.710]: master offset       4759 s2 freq  +14415 path delay     27639
ptp4l[441813.711]: port 1 (enp0s25): UNCALIBRATED to SLAVE on MASTER_CLOCK_SELECTED
ptp4l[441814.140]: t1 = +1617118604039431669
ptp4l[441814.140]: t2 = +1617118604039463798
ptp4l[441814.140]: t3 = +1617118604039236645
ptp4l[441814.140]: t2 = +1617118604039269794
ptp4l[441814.140]: delay = (t2 - t3) * rr + (t4 - t1)
ptp4l[441814.140]: t2 - t3 =    +227153
ptp4l[441814.140]: t4 - t1 =    -161875
ptp4l[441814.141]: rr = 1.000000000
ptp4l[441814.710]: t1 = +1617118604609200794
ptp4l[441814.710]: t2 = +1617118604609227154
ptp4l[441814.710]: t3 = +1617118604039236645
ptp4l[441814.710]: t2 = +1617118604039269794
ptp4l[441814.710]: delay = (t2 - t3) * rr + (t4 - t1)
ptp4l[441814.710]: t2 - t3 = +569990509
ptp4l[441814.711]: t4 - t1 = -569931000
ptp4l[441814.711]: rr = 1.000000000
ptp4l[441814.711]: master offset      -3394 s2 freq   +7690 path delay     32639
ptp4l[441815.140]: t1 = +1617118605039479169
ptp4l[441815.140]: t2 = +1617118605039510458
ptp4l[441815.140]: t3 = +1617118605039286272
ptp4l[441815.140]: t2 = +1617118605039316669
ptp4l[441815.140]: delay = (t2 - t3) * rr + (t4 - t1)
ptp4l[441815.140]: t2 - t3 =    +224186
ptp4l[441815.141]: t4 - t1 =    -162500
ptp4l[441815.141]: rr = 1.000000000
ptp4l[441815.710]: t1 = +1617118605609211669
ptp4l[441815.710]: t2 = +1617118605609245674
ptp4l[441815.710]: t3 = +1617118605039286272
ptp4l[441815.710]: t2 = +1617118605039316669
ptp4l[441815.710]: delay = (t2 - t3) * rr + (t4 - t1)
ptp4l[441815.710]: t2 - t3 = +569959402
ptp4l[441815.711]: t4 - t1 = -569895000
ptp4l[441815.711]: rr = 1.000000000
ptp4l[441815.711]: master offset       1804 s2 freq  +11870 path delay     30843
ptp4l[441816.140]: t1 = +1617118606039512919
ptp4l[441816.140]: t2 = +1617118606039543145
ptp4l[441816.140]: t3 = +1617118606039322710
ptp4l[441816.140]: t2 = +1617118606039347794
ptp4l[441816.141]: delay = (t2 - t3) * rr + (t4 - t1)
ptp4l[441816.141]: t2 - t3 =    +220435
ptp4l[441816.141]: t4 - t1 =    -165125
ptp4l[441816.141]: rr = 1.000000000
ptp4l[441816.710]: t1 = +1617118606609220919
ptp4l[441816.710]: t2 = +1617118606609251961
ptp4l[441816.710]: t3 = +1617118606039322710
ptp4l[441816.710]: t2 = +1617118606039347794
ptp4l[441816.710]: delay = (t2 - t3) * rr + (t4 - t1)
ptp4l[441816.711]: t2 - t3 = +569929251
ptp4l[441816.711]: t4 - t1 = -569873125
ptp4l[441816.711]: rr = 1.000000000
ptp4l[441816.711]: master offset       2979 s2 freq  +13586 path delay     27655
ptp4l[441817.140]: t1 = +1617118607039611294
ptp4l[441817.140]: t2 = +1617118607039644725
ptp4l[441817.140]: t3 = +1617118607039423447
ptp4l[441817.141]: t2 = +1617118607039450419
ptp4l[441817.141]: delay = (t2 - t3) * rr + (t4 - t1)
ptp4l[441817.141]: t2 - t3 =    +221278
ptp4l[441817.141]: t4 - t1 =    -160875
ptp4l[441817.141]: rr = 1.000000000
ptp4l[441817.710]: t1 = +1617118607609236544
ptp4l[441817.710]: t2 = +1617118607609264538
ptp4l[441817.710]: t3 = +1617118607039423447
ptp4l[441817.710]: t2 = +1617118607039450419
ptp4l[441817.710]: delay = (t2 - t3) * rr + (t4 - t1)
ptp4l[441817.710]: t2 - t3 = +569841091
ptp4l[441817.711]: t4 - t1 = -569786125
ptp4l[441817.711]: rr = 1.000000000
ptp4l[441817.711]: master offset        511 s2 freq  +12011 path delay     30201
ptp4l[441818.141]: t1 = +1617118608039806419
ptp4l[441818.141]: t2 = +1617118608039833979
ptp4l[441818.141]: t3 = +1617118608039613294
ptp4l[441818.141]: t2 = +1617118608039641669
ptp4l[441818.141]: delay = (t2 - t3) * rr + (t4 - t1)
ptp4l[441818.141]: t2 - t3 =    +220685
ptp4l[441818.141]: t4 - t1 =    -164750
ptp4l[441818.141]: rr = 1.000000000
ptp4l[441818.710]: t1 = +1617118608609250669
ptp4l[441818.710]: t2 = +1617118608609278729
ptp4l[441818.710]: t3 = +1617118608039613294
ptp4l[441818.710]: t2 = +1617118608039641669
ptp4l[441818.710]: delay = (t2 - t3) * rr + (t4 - t1)
ptp4l[441818.710]: t2 - t3 = +569665435
ptp4l[441818.711]: t4 - t1 = -569609000
ptp4l[441818.711]: rr = 1.000000000
ptp4l[441818.711]: master offset       -157 s2 freq  +11497 path delay     27967
ptp4l[441819.141]: t1 = +1617118609039907169
ptp4l[441819.141]: t2 = +1617118609039936350
ptp4l[441819.141]: t3 = +1617118609039708384
ptp4l[441819.141]: t2 = +1617118609039744544
ptp4l[441819.141]: delay = (t2 - t3) * rr + (t4 - t1)
ptp4l[441819.141]: t2 - t3 =    +227966
ptp4l[441819.141]: t4 - t1 =    -162625
ptp4l[441819.141]: rr = 1.000000000
ptp4l[441819.710]: t1 = +1617118609609261294
ptp4l[441819.710]: t2 = +1617118609609293379
ptp4l[441819.710]: t3 = +1617118609039708384
ptp4l[441819.710]: t2 = +1617118609039744544
ptp4l[441819.710]: delay = (t2 - t3) * rr + (t4 - t1)
ptp4l[441819.711]: t2 - t3 = +569584995
ptp4l[441819.711]: t4 - t1 = -569516750
ptp4l[441819.711]: rr = 1.000000000
ptp4l[441819.711]: master offset      -2037 s2 freq   +9570 path delay     32670
ptp4l[441820.141]: t1 = +1617118610039965419
ptp4l[441820.141]: t2 = +1617118610039991902
ptp4l[441820.141]: t3 = +1617118610039762404
ptp4l[441820.141]: t2 = +1617118610039792044
ptp4l[441820.141]: delay = (t2 - t3) * rr + (t4 - t1)
ptp4l[441820.141]: t2 - t3 =    +229498
ptp4l[441820.141]: t4 - t1 =    -173375
ptp4l[441820.141]: rr = 1.000000000
ptp4l[441820.710]: t1 = +1617118610609273794
ptp4l[441820.710]: t2 = +1617118610609302012
ptp4l[441820.710]: t3 = +1617118610039762404
ptp4l[441820.711]: t2 = +1617118610039792044
ptp4l[441820.711]: delay = (t2 - t3) * rr + (t4 - t1)
ptp4l[441820.711]: t2 - t3 = +569539608
ptp4l[441820.711]: t4 - t1 = -569481750
ptp4l[441820.711]: rr = 1.000000000
ptp4l[441820.711]: master offset       -711 s2 freq  +10285 path delay     28061
ptp4l[441821.141]: t1 = +1617118611040166794
ptp4l[441821.141]: t2 = +1617118611040200188
ptp4l[441821.141]: t3 = +1617118611039962691
ptp4l[441821.141]: t2 = +1617118611039990919
ptp4l[441821.141]: delay = (t2 - t3) * rr + (t4 - t1)
ptp4l[441821.141]: t2 - t3 =    +237497
ptp4l[441821.141]: t4 - t1 =    -175875
ptp4l[441821.141]: rr = 1.000000000
ptp4l[441821.710]: t1 = +1617118611609284669
ptp4l[441821.710]: t2 = +1617118611609317915
ptp4l[441821.710]: t3 = +1617118611039962691
ptp4l[441821.710]: t2 = +1617118611039990919
ptp4l[441821.710]: delay = (t2 - t3) * rr + (t4 - t1)
ptp4l[441821.710]: t2 - t3 = +569355224
ptp4l[441821.710]: t4 - t1 = -569293750
ptp4l[441821.710]: rr = 1.000000000
ptp4l[441821.710]: master offset       2509 s2 freq  +13291 path delay     30811
ptp4l[441822.141]: t1 = +1617118612040122169
ptp4l[441822.141]: t2 = +1617118612040150773
ptp4l[441822.141]: t3 = +1617118612039929276
ptp4l[441822.141]: t2 = +1617118612039958294
ptp4l[441822.141]: delay = (t2 - t3) * rr + (t4 - t1)
ptp4l[441822.141]: t2 - t3 =    +221497
ptp4l[441822.141]: t4 - t1 =    -163875
ptp4l[441822.141]: rr = 1.000000000
ptp4l[441822.710]: t1 = +1617118612609312044
ptp4l[441822.710]: t2 = +1617118612609338797
ptp4l[441822.710]: t3 = +1617118612039929276
ptp4l[441822.710]: t2 = +1617118612039958294
ptp4l[441822.710]: delay = (t2 - t3) * rr + (t4 - t1)
ptp4l[441822.710]: t2 - t3 = +569409521
ptp4l[441822.710]: t4 - t1 = -569353750
ptp4l[441822.710]: rr = 1.000000000
ptp4l[441822.710]: master offset      -1132 s2 freq  +10403 path delay     28811
ptp4l[441823.141]: t1 = +1617118613040181919
ptp4l[441823.141]: t2 = +1617118613040212919
ptp4l[441823.141]: t3 = +1617118613039986983
ptp4l[441823.141]: t2 = +1617118613040020669
ptp4l[441823.141]: delay = (t2 - t3) * rr + (t4 - t1)
ptp4l[441823.141]: t2 - t3 =    +225936
ptp4l[441823.141]: t4 - t1 =    -161250
ptp4l[441823.141]: rr = 1.000000000
ptp4l[441823.710]: t1 = +1617118613609315169
ptp4l[441823.710]: t2 = +1617118613609346576
ptp4l[441823.710]: t3 = +1617118613039986983
ptp4l[441823.710]: t2 = +1617118613040020669
ptp4l[441823.710]: delay = (t2 - t3) * rr + (t4 - t1)
ptp4l[441823.711]: t2 - t3 = +569359593
ptp4l[441823.711]: t4 - t1 = -569294500
ptp4l[441823.711]: rr = 1.000000000
ptp4l[441823.711]: master offset      -1139 s2 freq  +10056 path delay     32343
ptp4l[441824.141]: t1 = +1617118614040118919
ptp4l[441824.141]: t2 = +1617118614040148857
ptp4l[441824.141]: t3 = +1617118614039998546
ptp4l[441824.141]: t2 = +1617118614040027419
ptp4l[441824.141]: delay = (t2 - t3) * rr + (t4 - t1)
ptp4l[441824.141]: t2 - t3 =    +150311
ptp4l[441824.141]: t4 - t1 =     -91500
ptp4l[441824.141]: rr = 1.000000000
ptp4l[441824.710]: t1 = +1617118614609323419
ptp4l[441824.710]: t2 = +1617118614609354722
ptp4l[441824.711]: t3 = +1617118614039998546
ptp4l[441824.711]: t2 = +1617118614040027419
ptp4l[441824.711]: delay = (t2 - t3) * rr + (t4 - t1)
ptp4l[441824.711]: t2 - t3 = +569356176
ptp4l[441824.711]: t4 - t1 = -569296000
ptp4l[441824.711]: rr = 1.000000000
ptp4l[441824.711]: master offset       1215 s2 freq  +12069 path delay     29405
ptp4l[441825.141]: t1 = +1617118615040200669
ptp4l[441825.141]: t2 = +1617118615040236105
ptp4l[441825.141]: t3 = +1617118615040002483
ptp4l[441825.141]: t2 = +1617118615040034794
ptp4l[441825.141]: delay = (t2 - t3) * rr + (t4 - t1)
ptp4l[441825.141]: t2 - t3 =    +233622
ptp4l[441825.141]: t4 - t1 =    -165875
ptp4l[441825.141]: rr = 1.000000000
ptp4l[441825.710]: t1 = +1617118615609338294
ptp4l[441825.710]: t2 = +1617118615609368824
ptp4l[441825.710]: t3 = +1617118615040002483
ptp4l[441825.710]: t2 = +1617118615040034794
ptp4l[441825.710]: delay = (t2 - t3) * rr + (t4 - t1)
ptp4l[441825.710]: t2 - t3 = +569366341
ptp4l[441825.711]: t4 - t1 = -569303500
ptp4l[441825.711]: rr = 1.000000000
ptp4l[441825.711]: master offset       -890 s2 freq  +10328 path delay     33873
ptp4l[441826.141]: t1 = +1617118616040222919
ptp4l[441826.141]: t2 = +1617118616040251003
ptp4l[441826.141]: t3 = +1617118616040024100
ptp4l[441826.141]: t2 = +1617118616040057419
ptp4l[441826.141]: delay = (t2 - t3) * rr + (t4 - t1)
ptp4l[441826.141]: t2 - t3 =    +226903
ptp4l[441826.141]: t4 - t1 =    -165500
ptp4l[441826.141]: rr = 1.000000000
ptp4l[441826.710]: t1 = +1617118616609430794
ptp4l[441826.710]: t2 = +1617118616609464663
ptp4l[441826.710]: t3 = +1617118616040024100
ptp4l[441826.710]: t2 = +1617118616040057419
ptp4l[441826.710]: delay = (t2 - t3) * rr + (t4 - t1)
ptp4l[441826.710]: t2 - t3 = +569440563
ptp4l[441826.710]: t4 - t1 = -569373375
ptp4l[441826.711]: rr = 1.000000000
ptp4l[441826.711]: master offset        275 s2 freq  +11226 path delay     30701
ptp4l[441827.141]: t1 = +1617118617040390669
ptp4l[441827.141]: t2 = +1617118617040426444
ptp4l[441827.141]: t3 = +1617118617040194040
ptp4l[441827.142]: t2 = +1617118617040224669
ptp4l[441827.142]: delay = (t2 - t3) * rr + (t4 - t1)
ptp4l[441827.142]: t2 - t3 =    +232404
ptp4l[441827.142]: t4 - t1 =    -166000
ptp4l[441827.142]: rr = 1.000000000
ptp4l[441827.710]: t1 = +1617118617609438919
ptp4l[441827.710]: t2 = +1617118617609471650
ptp4l[441827.710]: t3 = +1617118617040194040
ptp4l[441827.710]: t2 = +1617118617040224669
ptp4l[441827.710]: delay = (t2 - t3) * rr + (t4 - t1)
ptp4l[441827.710]: t2 - t3 = +569277610
ptp4l[441827.711]: t4 - t1 = -569214250
ptp4l[441827.711]: rr = 1.000000000
ptp4l[441827.711]: master offset       1051 s2 freq  +12085 path delay     33202
ptp4l[441828.141]: t1 = +1617118618040521544
ptp4l[441828.142]: t2 = +1617118618040553035
ptp4l[441828.142]: t3 = +1617118618040331225
ptp4l[441828.142]: t2 = +1617118618040359544
ptp4l[441828.142]: delay = (t2 - t3) * rr + (t4 - t1)
ptp4l[441828.142]: t2 - t3 =    +221810
ptp4l[441828.142]: t4 - t1 =    -162000
ptp4l[441828.142]: rr = 1.000000000
ptp4l[441828.710]: t1 = +1617118618609461544
ptp4l[441828.711]: t2 = +1617118618609493690
ptp4l[441828.711]: t3 = +1617118618040331225
ptp4l[441828.711]: t2 = +1617118618040359544
ptp4l[441828.711]: delay = (t2 - t3) * rr + (t4 - t1)
ptp4l[441828.711]: t2 - t3 = +569162465
ptp4l[441828.711]: t4 - t1 = -569102000
ptp4l[441828.711]: rr = 1.000000000
ptp4l[441828.711]: master offset       1914 s2 freq  +13263 path delay     29905
ptp4l[441829.142]: t1 = +1617118619040630044
ptp4l[441829.142]: t2 = +1617118619040662574
ptp4l[441829.142]: t3 = +1617118619040426140
ptp4l[441829.142]: t2 = +1617118619040454419
ptp4l[441829.142]: delay = (t2 - t3) * rr + (t4 - t1)
ptp4l[441829.142]: t2 - t3 =    +236434
ptp4l[441829.142]: t4 - t1 =    -175625
ptp4l[441829.142]: rr = 1.000000000
ptp4l[441829.711]: t1 = +1617118619609495794
ptp4l[441829.711]: t2 = +1617118619609522602
ptp4l[441829.711]: t3 = +1617118619040426140
ptp4l[441829.711]: t2 = +1617118619040454419
ptp4l[441829.711]: delay = (t2 - t3) * rr + (t4 - t1)
ptp4l[441829.711]: t2 - t3 = +569096462
ptp4l[441829.711]: t4 - t1 = -569041375
ptp4l[441829.711]: rr = 1.000000000
ptp4l[441829.711]: master offset       -735 s2 freq  +11188 path delay     30404
ptp4l[441830.142]: t1 = +1617118620040654544
ptp4l[441830.142]: t2 = +1617118620040684347
ptp4l[441830.142]: t3 = +1617118620040454381
ptp4l[441830.142]: t2 = +1617118620040485294
ptp4l[441830.142]: delay = (t2 - t3) * rr + (t4 - t1)
ptp4l[441830.142]: t2 - t3 =    +229966
ptp4l[441830.142]: t4 - t1 =    -169250
ptp4l[441830.142]: rr = 1.000000000
^Clenovo@RG-Test17-linux:~/Desktop/ptp/linuxptp$ 
